<?xml version="1.0" encoding="UTF-8"?>
<!-- Generated by org.testng.reporters.JUnitReportReporter -->
<testsuite hostname="DESKTOP-OIK4B51" failures="0" tests="1" name="testcases.TestCases" time="4.296" errors="0" timestamp="2025-03-18T09:09:29 IST" skipped="0">
  <testcase classname="testcases.TestCases" name="verifyTestCases" time="4.296"/>
</testsuite> <!-- testcases.TestCases -->
